<?xml version="1.0" encoding="UTF-8"?>
<!-- Generated by org.testng.reporters.JUnitXMLReporter -->
<testsuite hostname="LPT-426" ignored="2" name="CarLoan" tests="4" failures="0" timestamp="2021-05-13T18:04:45 IST" time="0.02" errors="0">
  <testcase name="MobilLogin_Test1" time="0.001" classname="com.test.Sample3"/>
  <testcase name="MobilLogin_Test2" time="0.001" classname="com.test.Sample3"/>
  <testcase name="MobilLogin_Test3" time="0.002" classname="com.test.Sample3"/>
  <testcase name="MobilLogin_Test4" time="0.002" classname="com.test.Sample3"/>
  <testcase name="APILogin" time="0.0" classname="com.test.Sample3">
    <ignored/>
  </testcase> <!-- APILogin -->
  <testcase name="WebLoginCar" time="0.0" classname="com.test.Sample3">
    <ignored/>
  </testcase> <!-- WebLoginCar -->
</testsuite> <!-- CarLoan -->
