<?xml version="1.0" encoding="UTF-8"?>
<!-- Generated by org.testng.reporters.JUnitXMLReporter -->
<testsuite hostname="LPT-426" ignored="0" name="PersonalLoan" tests="7" failures="0" timestamp="2021-05-13T18:04:45 IST" time="0.087" errors="0">
  <testcase name="test" time="0.007" classname="com.test.Sample2"/>
  <testcase name="test2" time="0.005" classname="com.test.Sample2"/>
  <testcase name="test3" time="0.003" classname="com.test.Sample2"/>
  <testcase name="tes2" time="0.001" classname="com.test.Sample"/>
  <testcase name="test" time="0.001" classname="com.test.Sample"/>
  <testcase name="tes2" time="0.002" classname="com.test.Sample4"/>
  <testcase name="test" time="0.002" classname="com.test.Sample4"/>
</testsuite> <!-- PersonalLoan -->
