<?xml version="1.0" encoding="UTF-8"?>
<!-- Generated by org.testng.reporters.JUnitXMLReporter -->
<testsuite hostname="LPT-426" ignored="0" name="Regression" tests="4" failures="0" timestamp="2021-05-15T17:37:01 IST" time="0.086" errors="0">
  <testcase name="Sample1" time="0.009" classname="com.test.Sample5"/>
  <testcase name="Sample2" time="0.003" classname="com.test.Sample5"/>
  <testcase name="Sample3" time="0.003" classname="com.test.Sample5"/>
  <testcase name="Sample4" time="0.002" classname="com.test.Sample5"/>
</testsuite> <!-- Regression -->
