<?xml version="1.0" encoding="UTF-8"?>
<!-- Generated by org.testng.reporters.JUnitXMLReporter -->
<testsuite hostname="LPT-426" ignored="0" name="SMSRegression" tests="4" failures="0" timestamp="2021-05-15T17:37:01 IST" time="0.081" errors="0">
  <testcase name="test1" time="0.002" classname="com.test.Sample6"/>
  <testcase name="test2" time="0.003" classname="com.test.Sample6"/>
  <testcase name="test1" time="0.002" classname="com.test.Sample7"/>
  <testcase name="test2" time="0.003" classname="com.test.Sample7"/>
</testsuite> <!-- SMSRegression -->
