<?xml version="1.0" encoding="UTF-8"?>
<!-- Generated by org.testng.reporters.JUnitXMLReporter -->
<testsuite hostname="LPT-426" ignored="0" name="Test" tests="4" failures="1" timestamp="2021-05-11T08:48:15 IST" time="0.2" errors="0">
  <testcase name="tes2" time="0.013" classname="com.test.Sample2">
    <failure type="java.lang.AssertionError">
      <![CDATA[java.lang.AssertionError: 
at com.test.Sample2.tes2(Sample2.java:21)
at java.util.ArrayList.forEach(ArrayList.java:1249)
... Removed 29 stack frames]]>
    </failure>
  </testcase> <!-- tes2 -->
  <testcase name="test" time="0.001" classname="com.test.Sample2"/>
  <testcase name="tes2" time="0.005" classname="com.test.Sample"/>
  <testcase name="test" time="0.003" classname="com.test.Sample"/>
</testsuite> <!-- Test -->
