<?xml version="1.0" encoding="UTF-8"?>
<!-- Generated by org.testng.reporters.JUnitXMLReporter -->
<testsuite hostname="LPT-426" ignored="0" name="VoiceRegression" tests="6" failures="1" timestamp="2021-05-15T17:37:01 IST" time="0.04" errors="0">
  <testcase name="test1" time="0.001" classname="com.test.Sample8"/>
  <testcase name="test2" time="0.001" classname="com.test.Sample8"/>
  <testcase name="test" time="0.002" classname="com.test.SampleDataProvider9"/>
  <testcase name="test" time="0.002" classname="com.test.SampleDataProvider9"/>
  <testcase name="test" time="0.002" classname="com.test.SampleDataProvider9"/>
  <testcase name="test2" time="0.005" classname="com.test.SampleDataProvider9">
    <failure type="java.lang.AssertionError" message="expected [true] but found [false]">
      <![CDATA[java.lang.AssertionError: expected [true] but found [false]
at com.test.SampleDataProvider9.test2(SampleDataProvider9.java:16)
at java.util.ArrayList.forEach(ArrayList.java:1249)
at java.util.concurrent.FutureTask.run(FutureTask.java:266)
at java.util.concurrent.ThreadPoolExecutor.runWorker(ThreadPoolExecutor.java:1142)
at java.util.concurrent.ThreadPoolExecutor$Worker.run(ThreadPoolExecutor.java:617)
at java.lang.Thread.run(Thread.java:745)
... Removed 22 stack frames]]>
    </failure>
  </testcase> <!-- test2 -->
</testsuite> <!-- VoiceRegression -->
