<?xml version="1.0" encoding="UTF-8"?>
<testng-results skipped="0" failed="1" ignored="0" total="14" passed="13">
  <reporter-output>
  </reporter-output>
  <suite name="Suite" duration-ms="173" started-at="2021-05-15T17:37:01 IST" finished-at="2021-05-15T17:37:01 IST">
    <groups>
      <group name="sanity">
        <method signature="Sample5.Sample4(java.lang.String)[pri:1, instance:com.test.Sample5@1ed4004b]" name="Sample4" class="com.test.Sample5"/>
      </group> <!-- sanity -->
    </groups>
    <test name="Regression" duration-ms="86" started-at="2021-05-15T17:37:01 IST" finished-at="2021-05-15T17:37:01 IST">
      <class name="com.test.Sample5">
        <test-method status="PASS" signature="Sample1()[pri:2, instance:com.test.Sample5@1ed4004b]" name="Sample1" duration-ms="9" started-at="2021-05-15T17:37:01 IST" finished-at="2021-05-15T17:37:01 IST">
          <reporter-output>
          </reporter-output>
        </test-method> <!-- Sample1 -->
        <test-method status="PASS" signature="Sample2()[pri:0, instance:com.test.Sample5@1ed4004b]" name="Sample2" duration-ms="3" started-at="2021-05-15T17:37:01 IST" depends-on-methods="com.test.Sample5.Sample1" finished-at="2021-05-15T17:37:01 IST">
          <reporter-output>
          </reporter-output>
        </test-method> <!-- Sample2 -->
        <test-method status="PASS" signature="Sample3(java.lang.String)[pri:2, instance:com.test.Sample5@1ed4004b]" name="Sample3" duration-ms="3" started-at="2021-05-15T17:37:01 IST" finished-at="2021-05-15T17:37:01 IST">
          <params>
            <param index="0">
              <value>
                <![CDATA[Google.com]]>
              </value>
            </param>
          </params>
          <reporter-output>
          </reporter-output>
        </test-method> <!-- Sample3 -->
        <test-method status="PASS" signature="Sample4(java.lang.String)[pri:1, instance:com.test.Sample5@1ed4004b]" name="Sample4" duration-ms="2" started-at="2021-05-15T17:37:01 IST" depends-on-methods="com.test.Sample5.Sample3, com.test.Sample5.Sample1" finished-at="2021-05-15T17:37:01 IST">
          <params>
            <param index="0">
              <value>
                <![CDATA[Google.com]]>
              </value>
            </param>
          </params>
          <reporter-output>
          </reporter-output>
        </test-method> <!-- Sample4 -->
      </class> <!-- com.test.Sample5 -->
    </test> <!-- Regression -->
    <test name="SMSRegression" duration-ms="81" started-at="2021-05-15T17:37:01 IST" finished-at="2021-05-15T17:37:01 IST">
      <class name="com.test.Sample6">
        <test-method status="PASS" signature="test(java.lang.String)[pri:0, instance:com.test.Sample6@6b09bb57]" name="test" is-config="true" duration-ms="8" started-at="2021-05-15T17:37:01 IST" finished-at="2021-05-15T17:37:01 IST">
          <params>
            <param index="0">
              <value>
                <![CDATA[SMSRegression.com]]>
              </value>
            </param>
          </params>
          <reporter-output>
          </reporter-output>
        </test-method> <!-- test -->
        <test-method status="PASS" signature="test1()[pri:0, instance:com.test.Sample6@6b09bb57]" name="test1" duration-ms="2" started-at="2021-05-15T17:37:01 IST" finished-at="2021-05-15T17:37:01 IST">
          <reporter-output>
          </reporter-output>
        </test-method> <!-- test1 -->
        <test-method status="PASS" signature="test(java.lang.String)[pri:0, instance:com.test.Sample6@6b09bb57]" name="test" is-config="true" duration-ms="1" started-at="2021-05-15T17:37:01 IST" finished-at="2021-05-15T17:37:01 IST">
          <params>
            <param index="0">
              <value>
                <![CDATA[SMSRegression.com]]>
              </value>
            </param>
          </params>
          <reporter-output>
          </reporter-output>
        </test-method> <!-- test -->
        <test-method status="PASS" signature="test2()[pri:0, instance:com.test.Sample6@6b09bb57]" name="test2" duration-ms="3" started-at="2021-05-15T17:37:01 IST" finished-at="2021-05-15T17:37:01 IST">
          <reporter-output>
          </reporter-output>
        </test-method> <!-- test2 -->
      </class> <!-- com.test.Sample6 -->
      <class name="com.test.Sample7">
        <test-method status="PASS" signature="test(java.lang.String)[pri:0, instance:com.test.Sample7@6536e911]" name="test" is-config="true" duration-ms="1" started-at="2021-05-15T17:37:01 IST" finished-at="2021-05-15T17:37:01 IST">
          <params>
            <param index="0">
              <value>
                <![CDATA[SMSRegression.com]]>
              </value>
            </param>
          </params>
          <reporter-output>
          </reporter-output>
        </test-method> <!-- test -->
        <test-method status="PASS" signature="test1()[pri:0, instance:com.test.Sample7@6536e911]" name="test1" duration-ms="2" started-at="2021-05-15T17:37:01 IST" finished-at="2021-05-15T17:37:01 IST">
          <reporter-output>
          </reporter-output>
        </test-method> <!-- test1 -->
        <test-method status="PASS" signature="test(java.lang.String)[pri:0, instance:com.test.Sample7@6536e911]" name="test" is-config="true" duration-ms="1" started-at="2021-05-15T17:37:01 IST" finished-at="2021-05-15T17:37:01 IST">
          <params>
            <param index="0">
              <value>
                <![CDATA[SMSRegression.com]]>
              </value>
            </param>
          </params>
          <reporter-output>
          </reporter-output>
        </test-method> <!-- test -->
        <test-method status="PASS" signature="test2()[pri:0, instance:com.test.Sample7@6536e911]" name="test2" duration-ms="3" started-at="2021-05-15T17:37:01 IST" finished-at="2021-05-15T17:37:01 IST">
          <reporter-output>
          </reporter-output>
        </test-method> <!-- test2 -->
      </class> <!-- com.test.Sample7 -->
    </test> <!-- SMSRegression -->
    <test name="VoiceRegression" duration-ms="40" started-at="2021-05-15T17:37:01 IST" finished-at="2021-05-15T17:37:01 IST">
      <class name="com.test.Sample8">
        <test-method status="PASS" signature="test(java.lang.String)[pri:0, instance:com.test.Sample8@731a74c]" name="test" is-config="true" duration-ms="0" started-at="2021-05-15T17:37:01 IST" finished-at="2021-05-15T17:37:01 IST">
          <params>
            <param index="0">
              <value>
                <![CDATA[VoiceRegression.com]]>
              </value>
            </param>
          </params>
          <reporter-output>
          </reporter-output>
        </test-method> <!-- test -->
        <test-method status="PASS" signature="test1()[pri:0, instance:com.test.Sample8@731a74c]" name="test1" duration-ms="1" started-at="2021-05-15T17:37:01 IST" finished-at="2021-05-15T17:37:01 IST">
          <reporter-output>
          </reporter-output>
        </test-method> <!-- test1 -->
        <test-method status="PASS" signature="test(java.lang.String)[pri:0, instance:com.test.Sample8@731a74c]" name="test" is-config="true" duration-ms="1" started-at="2021-05-15T17:37:01 IST" finished-at="2021-05-15T17:37:01 IST">
          <params>
            <param index="0">
              <value>
                <![CDATA[VoiceRegression.com]]>
              </value>
            </param>
          </params>
          <reporter-output>
          </reporter-output>
        </test-method> <!-- test -->
        <test-method status="PASS" signature="test2()[pri:0, instance:com.test.Sample8@731a74c]" name="test2" duration-ms="1" started-at="2021-05-15T17:37:01 IST" finished-at="2021-05-15T17:37:01 IST">
          <reporter-output>
          </reporter-output>
        </test-method> <!-- test2 -->
      </class> <!-- com.test.Sample8 -->
      <class name="com.test.SampleDataProvider9">
        <test-method status="PASS" signature="test(java.lang.String)[pri:0, instance:com.test.SampleDataProvider9@369f73a2]" name="test" is-config="true" duration-ms="0" started-at="2021-05-15T17:37:01 IST" finished-at="2021-05-15T17:37:01 IST">
          <params>
            <param index="0">
              <value>
                <![CDATA[VoiceRegression.com]]>
              </value>
            </param>
          </params>
          <reporter-output>
          </reporter-output>
        </test-method> <!-- test -->
        <test-method status="PASS" signature="test(java.lang.String, java.lang.String)[pri:0, instance:com.test.SampleDataProvider9@369f73a2]" name="test" duration-ms="2" started-at="2021-05-15T17:37:01 IST" data-provider="getData" finished-at="2021-05-15T17:37:01 IST">
          <params>
            <param index="0">
              <value>
                <![CDATA[firstName]]>
              </value>
            </param>
            <param index="1">
              <value>
                <![CDATA[pwd]]>
              </value>
            </param>
          </params>
          <reporter-output>
          </reporter-output>
        </test-method> <!-- test -->
        <test-method status="PASS" signature="test(java.lang.String)[pri:0, instance:com.test.SampleDataProvider9@369f73a2]" name="test" is-config="true" duration-ms="1" started-at="2021-05-15T17:37:01 IST" finished-at="2021-05-15T17:37:01 IST">
          <params>
            <param index="0">
              <value>
                <![CDATA[VoiceRegression.com]]>
              </value>
            </param>
          </params>
          <reporter-output>
          </reporter-output>
        </test-method> <!-- test -->
        <test-method status="PASS" signature="test(java.lang.String, java.lang.String)[pri:0, instance:com.test.SampleDataProvider9@369f73a2]" name="test" duration-ms="2" started-at="2021-05-15T17:37:01 IST" data-provider="getData" finished-at="2021-05-15T17:37:01 IST">
          <params>
            <param index="0">
              <value>
                <![CDATA[SecondName]]>
              </value>
            </param>
            <param index="1">
              <value>
                <![CDATA[pwd]]>
              </value>
            </param>
          </params>
          <reporter-output>
          </reporter-output>
        </test-method> <!-- test -->
        <test-method status="PASS" signature="test(java.lang.String)[pri:0, instance:com.test.SampleDataProvider9@369f73a2]" name="test" is-config="true" duration-ms="1" started-at="2021-05-15T17:37:01 IST" finished-at="2021-05-15T17:37:01 IST">
          <params>
            <param index="0">
              <value>
                <![CDATA[VoiceRegression.com]]>
              </value>
            </param>
          </params>
          <reporter-output>
          </reporter-output>
        </test-method> <!-- test -->
        <test-method status="PASS" signature="test(java.lang.String, java.lang.String)[pri:0, instance:com.test.SampleDataProvider9@369f73a2]" name="test" duration-ms="2" started-at="2021-05-15T17:37:01 IST" data-provider="getData" finished-at="2021-05-15T17:37:01 IST">
          <params>
            <param index="0">
              <value>
                <![CDATA[ThirdName]]>
              </value>
            </param>
            <param index="1">
              <value>
                <![CDATA[pwd]]>
              </value>
            </param>
          </params>
          <reporter-output>
          </reporter-output>
        </test-method> <!-- test -->
        <test-method status="PASS" signature="test(java.lang.String)[pri:0, instance:com.test.SampleDataProvider9@369f73a2]" name="test" is-config="true" duration-ms="0" started-at="2021-05-15T17:37:01 IST" finished-at="2021-05-15T17:37:01 IST">
          <params>
            <param index="0">
              <value>
                <![CDATA[VoiceRegression.com]]>
              </value>
            </param>
          </params>
          <reporter-output>
          </reporter-output>
        </test-method> <!-- test -->
        <test-method status="FAIL" signature="test2()[pri:0, instance:com.test.SampleDataProvider9@369f73a2]" name="test2" duration-ms="5" started-at="2021-05-15T17:37:01 IST" finished-at="2021-05-15T17:37:01 IST">
          <exception class="java.lang.AssertionError">
            <message>
              <![CDATA[expected [true] but found [false]]]>
            </message>
            <full-stacktrace>
              <![CDATA[java.lang.AssertionError: expected [true] but found [false]
at org.testng.Assert.fail(Assert.java:97)
at org.testng.Assert.failNotEquals(Assert.java:968)
at org.testng.Assert.assertTrue(Assert.java:43)
at org.testng.Assert.assertTrue(Assert.java:53)
at com.test.SampleDataProvider9.test2(SampleDataProvider9.java:16)
at sun.reflect.NativeMethodAccessorImpl.invoke0(Native Method)
at sun.reflect.NativeMethodAccessorImpl.invoke(NativeMethodAccessorImpl.java:62)
at sun.reflect.DelegatingMethodAccessorImpl.invoke(DelegatingMethodAccessorImpl.java:43)
at java.lang.reflect.Method.invoke(Method.java:497)
at org.testng.internal.MethodInvocationHelper.invokeMethod(MethodInvocationHelper.java:135)
at org.testng.internal.TestInvoker.invokeMethod(TestInvoker.java:598)
at org.testng.internal.TestInvoker.invokeTestMethod(TestInvoker.java:174)
at org.testng.internal.MethodRunner.runInSequence(MethodRunner.java:46)
at org.testng.internal.TestInvoker$MethodInvocationAgent.invoke(TestInvoker.java:821)
at org.testng.internal.TestInvoker.invokeTestMethods(TestInvoker.java:147)
at org.testng.internal.TestMethodWorker.invokeTestMethods(TestMethodWorker.java:146)
at org.testng.internal.TestMethodWorker.run(TestMethodWorker.java:128)
at java.util.ArrayList.forEach(ArrayList.java:1249)
at org.testng.TestRunner.privateRun(TestRunner.java:767)
at org.testng.TestRunner.run(TestRunner.java:588)
at org.testng.SuiteRunner.runTest(SuiteRunner.java:384)
at org.testng.SuiteRunner.access$000(SuiteRunner.java:28)
at org.testng.SuiteRunner$SuiteWorker.run(SuiteRunner.java:425)
at org.testng.internal.thread.ThreadUtil.lambda$execute$0(ThreadUtil.java:68)
at java.util.concurrent.FutureTask.run(FutureTask.java:266)
at java.util.concurrent.ThreadPoolExecutor.runWorker(ThreadPoolExecutor.java:1142)
at java.util.concurrent.ThreadPoolExecutor$Worker.run(ThreadPoolExecutor.java:617)
at java.lang.Thread.run(Thread.java:745)
]]>
            </full-stacktrace>
          </exception> <!-- java.lang.AssertionError -->
          <reporter-output>
          </reporter-output>
        </test-method> <!-- test2 -->
      </class> <!-- com.test.SampleDataProvider9 -->
    </test> <!-- VoiceRegression -->
  </suite> <!-- Suite -->
</testng-results>
